2022-05-01 00:25:08,047 ThreadPoolAsyncTaskExecutor::Thread 16 INFO anonymous 22x219x1 ug22sg 0:0:0:0:0:0:0:1 /secure/SetupFinishing!triggerSetup.jspa [greenhopper.service.logging.LogSupport] 

*********************************************************************************
Atlassian GreenHopper v8.22.2 #e15a5f7d79a98ed5 built 2022-04-20T18:53:50.551+05:30 - plugin starting...
*********************************************************************************

2022-05-01 00:25:08,322 ThreadPoolAsyncTaskExecutor::Thread 16 INFO anonymous 22x219x1 ug22sg 0:0:0:0:0:0:0:1 /secure/SetupFinishing!triggerSetup.jspa [greenhopper.service.logging.LogSupport] 

JIRA Agile Run History

	*JIRA Agile v8.22.2 (e15a5f7d79a98ed5) started at 01 May 2022 12:25


2022-05-01 00:25:08,346 ThreadPoolAsyncTaskExecutor::Thread 16 INFO anonymous 22x219x1 ug22sg 0:0:0:0:0:0:0:1 /secure/SetupFinishing!triggerSetup.jspa [greenhopper.service.logging.LogSupport] There does not appear to be any JIRA Agile upgrade history
2022-05-01 00:25:08,347 ThreadPoolAsyncTaskExecutor::Thread 16 INFO anonymous 22x219x1 ug22sg 0:0:0:0:0:0:0:1 /secure/SetupFinishing!triggerSetup.jspa [greenhopper.service.logging.LogSupport] This can be ok as upgrade history was not introduced until JIRA Agile v5.10.3
2022-05-01 00:25:08,348 ThreadPoolAsyncTaskExecutor::Thread 16 INFO anonymous 22x219x1 ug22sg 0:0:0:0:0:0:0:1 /secure/SetupFinishing!triggerSetup.jspa [com.atlassian.greenhopper.EventListenerRegistry] registered event listener [LEXO_RANK]: com.atlassian.greenhopper.service.lexorank.LexoRankIssueEventListener
2022-05-01 00:25:08,348 ThreadPoolAsyncTaskExecutor::Thread 16 INFO anonymous 22x219x1 ug22sg 0:0:0:0:0:0:0:1 /secure/SetupFinishing!triggerSetup.jspa [com.atlassian.greenhopper.EventListenerRegistry] registered event listener [EPIC_LINK]: com.atlassian.greenhopper.customfield.epiclink.EpicLinkIssueEventListener
2022-05-01 00:25:08,348 ThreadPoolAsyncTaskExecutor::Thread 16 INFO anonymous 22x219x1 ug22sg 0:0:0:0:0:0:0:1 /secure/SetupFinishing!triggerSetup.jspa [com.atlassian.greenhopper.EventListenerRegistry] registered event listener [ISSUE_CLOSED]: com.atlassian.greenhopper.issue.RemoveFutureSprintsFromClosedIssuesListener
2022-05-01 00:25:08,349 ThreadPoolAsyncTaskExecutor::Thread 16 INFO anonymous 22x219x1 ug22sg 0:0:0:0:0:0:0:1 /secure/SetupFinishing!triggerSetup.jspa [com.atlassian.greenhopper.EventListenerRegistry] registered event listener [ISSUE_MOVED]: com.atlassian.greenhopper.service.issue.IssueMovedEventListener
2022-05-01 00:25:08,349 ThreadPoolAsyncTaskExecutor::Thread 16 INFO anonymous 22x219x1 ug22sg 0:0:0:0:0:0:0:1 /secure/SetupFinishing!triggerSetup.jspa [com.atlassian.greenhopper.EventListenerRegistry] registered event listener [CACHE_MANAGER]: com.atlassian.greenhopper.service.GreenHopperCacheManager
2022-05-01 00:25:08,350 ThreadPoolAsyncTaskExecutor::Thread 16 INFO anonymous 22x219x1 ug22sg 0:0:0:0:0:0:0:1 /secure/SetupFinishing!triggerSetup.jspa [com.atlassian.greenhopper.EventListenerRegistry] registered event listener [RANK_INDEX_SERVICE]: com.atlassian.greenhopper.service.rank.RankIndexServiceImpl
2022-05-01 00:25:08,351 ThreadPoolAsyncTaskExecutor::Thread 16 INFO anonymous 22x219x1 ug22sg 0:0:0:0:0:0:0:1 /secure/SetupFinishing!triggerSetup.jspa [com.atlassian.greenhopper.EventListenerRegistry] registered event listener [LEXO_RANK_FIELD]: com.atlassian.greenhopper.customfield.lexorank.LexoRankCFListener
2022-05-01 00:25:08,351 ThreadPoolAsyncTaskExecutor::Thread 16 INFO anonymous 22x219x1 ug22sg 0:0:0:0:0:0:0:1 /secure/SetupFinishing!triggerSetup.jspa [com.atlassian.greenhopper.EventListenerRegistry] registered event listener [LEXO_RANK_BALANCING_EVENT]: com.atlassian.greenhopper.service.lexorank.balance.LexoRankBalancingService
2022-05-01 00:25:08,358 ThreadPoolAsyncTaskExecutor::Thread 16 INFO anonymous 22x219x1 ug22sg 0:0:0:0:0:0:0:1 /secure/SetupFinishing!triggerSetup.jspa [com.atlassian.greenhopper.EventListenerRegistry] registered event listener [INDEX_CHECK_SERVICE]: com.atlassian.greenhopper.service.index.IndexCheckServiceImpl
2022-05-01 00:25:08,358 ThreadPoolAsyncTaskExecutor::Thread 16 INFO anonymous 22x219x1 ug22sg 0:0:0:0:0:0:0:1 /secure/SetupFinishing!triggerSetup.jspa [com.atlassian.greenhopper.EventListenerRegistry] registered event listener [QUERY_MAPPER_CACHE]: com.atlassian.greenhopper.service.query.QueryToProjectMapper
2022-05-01 00:25:08,359 ThreadPoolAsyncTaskExecutor::Thread 16 INFO anonymous 22x219x1 ug22sg 0:0:0:0:0:0:0:1 /secure/SetupFinishing!triggerSetup.jspa [com.atlassian.greenhopper.EventListenerRegistry] registered event listener [AUDIT_LOG]: com.atlassian.greenhopper.auditing.AuditingEventListener
2022-05-01 00:25:08,359 ThreadPoolAsyncTaskExecutor::Thread 16 INFO anonymous 22x219x1 ug22sg 0:0:0:0:0:0:0:1 /secure/SetupFinishing!triggerSetup.jspa [com.atlassian.greenhopper.EventListenerRegistry] registered event listener [EPIC_ISSUE_TYPE_NAME_UPDATED]: com.atlassian.greenhopper.issue.terminology.IssueTypeTerminologyEventListener
2022-05-01 00:25:08,360 ThreadPoolAsyncTaskExecutor::Thread 16 INFO anonymous 22x219x1 ug22sg 0:0:0:0:0:0:0:1 /secure/SetupFinishing!triggerSetup.jspa [com.atlassian.greenhopper.EventListenerRegistry] registered event listener [TERMINOLOGY_ENTRY_CHANGED_EVENT]: com.atlassian.greenhopper.customfield.terminology.CustomFieldTerminologyEventListener
2022-05-01 00:25:21,306 AsynchronousJiraSetup INFO anonymous 22x219x1 ug22sg 0:0:0:0:0:0:0:1 /secure/SetupFinishing!triggerSetup.jspa [greenhopper.service.logging.LogSupport] 

*********************************************************************************
Atlassian GreenHopper v8.22.2 #e15a5f7d79a98ed5 built 2022-04-20T18:53:50.551+05:30 - plugin started.  Get Agile!
*********************************************************************************

2022-05-01 00:25:21,317 active-objects-init-JiraTenantImpl{id='system'}-0 INFO anonymous 22x219x1 ug22sg 0:0:0:0:0:0:0:1 /secure/SetupFinishing!triggerSetup.jspa [atlassian.greenhopper.upgrade.AOUpgradeTask001] Starting upgrade task.
2022-05-01 00:25:21,328 active-objects-init-JiraTenantImpl{id='system'}-0 INFO anonymous 22x219x1 ug22sg 0:0:0:0:0:0:0:1 /secure/SetupFinishing!triggerSetup.jspa [atlassian.greenhopper.upgrade.AOUpgradeTask001] No need to run upgrade task. Lexo rank table not found.
2022-05-01 00:27:10,725 FelixShutdown INFO anonymous 22x219x1 ug22sg 0:0:0:0:0:0:0:1 /secure/SetupFinishing!triggerSetup.jspa [greenhopper.service.logging.LogSupport] 

*********************************************************************************
Atlassian GreenHopper v8.22.2 #e15a5f7d79a98ed5 built 2022-04-20T18:53:50.551+05:30 - plugin stopping...
*********************************************************************************

2022-05-01 00:27:10,726 FelixShutdown INFO anonymous 22x219x1 ug22sg 0:0:0:0:0:0:0:1 /secure/SetupFinishing!triggerSetup.jspa [com.atlassian.greenhopper.Launcher] Unscheduling Jira Agile jobs...
2022-05-01 00:27:10,728 FelixShutdown INFO anonymous 22x219x1 ug22sg 0:0:0:0:0:0:0:1 /secure/SetupFinishing!triggerSetup.jspa [com.atlassian.greenhopper.Launcher] Destroying caches
2022-05-01 00:27:10,728 FelixShutdown INFO anonymous 22x219x1 ug22sg 0:0:0:0:0:0:0:1 /secure/SetupFinishing!triggerSetup.jspa [atlassian.greenhopper.service.GreenHopperCacheManager] ClearCacheEvent triggered but plugin was not yet alive...
2022-05-01 00:27:10,728 FelixShutdown INFO anonymous 22x219x1 ug22sg 0:0:0:0:0:0:0:1 /secure/SetupFinishing!triggerSetup.jspa [com.atlassian.greenhopper.Launcher] Destroying services
2022-05-01 00:31:14,166 ThreadPoolAsyncTaskExecutor::Thread 19 INFO      [greenhopper.service.logging.LogSupport] 

*********************************************************************************
Atlassian GreenHopper v8.22.2 #e15a5f7d79a98ed5 built 2022-04-20T18:53:50.551+05:30 - plugin starting...
*********************************************************************************

2022-05-01 00:31:14,333 ThreadPoolAsyncTaskExecutor::Thread 19 INFO      [greenhopper.service.logging.LogSupport] 

JIRA Agile Run History

	*JIRA Agile v8.22.2 (e15a5f7d79a98ed5) started at 01 May 2022 12:31


2022-05-01 00:31:14,336 ThreadPoolAsyncTaskExecutor::Thread 19 INFO      [greenhopper.service.logging.LogSupport] There does not appear to be any JIRA Agile upgrade history
2022-05-01 00:31:14,336 ThreadPoolAsyncTaskExecutor::Thread 19 INFO      [greenhopper.service.logging.LogSupport] This can be ok as upgrade history was not introduced until JIRA Agile v5.10.3
2022-05-01 00:31:14,337 ThreadPoolAsyncTaskExecutor::Thread 19 INFO      [com.atlassian.greenhopper.EventListenerRegistry] registered event listener [LEXO_RANK]: com.atlassian.greenhopper.service.lexorank.LexoRankIssueEventListener
2022-05-01 00:31:14,337 ThreadPoolAsyncTaskExecutor::Thread 19 INFO      [com.atlassian.greenhopper.EventListenerRegistry] registered event listener [EPIC_LINK]: com.atlassian.greenhopper.customfield.epiclink.EpicLinkIssueEventListener
2022-05-01 00:31:14,337 ThreadPoolAsyncTaskExecutor::Thread 19 INFO      [com.atlassian.greenhopper.EventListenerRegistry] registered event listener [ISSUE_CLOSED]: com.atlassian.greenhopper.issue.RemoveFutureSprintsFromClosedIssuesListener
2022-05-01 00:31:14,337 ThreadPoolAsyncTaskExecutor::Thread 19 INFO      [com.atlassian.greenhopper.EventListenerRegistry] registered event listener [ISSUE_MOVED]: com.atlassian.greenhopper.service.issue.IssueMovedEventListener
2022-05-01 00:31:14,338 ThreadPoolAsyncTaskExecutor::Thread 19 INFO      [com.atlassian.greenhopper.EventListenerRegistry] registered event listener [CACHE_MANAGER]: com.atlassian.greenhopper.service.GreenHopperCacheManager
2022-05-01 00:31:14,338 ThreadPoolAsyncTaskExecutor::Thread 19 INFO      [com.atlassian.greenhopper.EventListenerRegistry] registered event listener [RANK_INDEX_SERVICE]: com.atlassian.greenhopper.service.rank.RankIndexServiceImpl
2022-05-01 00:31:14,338 ThreadPoolAsyncTaskExecutor::Thread 19 INFO      [com.atlassian.greenhopper.EventListenerRegistry] registered event listener [LEXO_RANK_FIELD]: com.atlassian.greenhopper.customfield.lexorank.LexoRankCFListener
2022-05-01 00:31:14,339 ThreadPoolAsyncTaskExecutor::Thread 19 INFO      [com.atlassian.greenhopper.EventListenerRegistry] registered event listener [LEXO_RANK_BALANCING_EVENT]: com.atlassian.greenhopper.service.lexorank.balance.LexoRankBalancingService
2022-05-01 00:31:14,342 ThreadPoolAsyncTaskExecutor::Thread 19 INFO      [com.atlassian.greenhopper.EventListenerRegistry] registered event listener [INDEX_CHECK_SERVICE]: com.atlassian.greenhopper.service.index.IndexCheckServiceImpl
2022-05-01 00:31:14,342 ThreadPoolAsyncTaskExecutor::Thread 19 INFO      [com.atlassian.greenhopper.EventListenerRegistry] registered event listener [QUERY_MAPPER_CACHE]: com.atlassian.greenhopper.service.query.QueryToProjectMapper
2022-05-01 00:31:14,343 ThreadPoolAsyncTaskExecutor::Thread 19 INFO      [com.atlassian.greenhopper.EventListenerRegistry] registered event listener [AUDIT_LOG]: com.atlassian.greenhopper.auditing.AuditingEventListener
2022-05-01 00:31:14,343 ThreadPoolAsyncTaskExecutor::Thread 19 INFO      [com.atlassian.greenhopper.EventListenerRegistry] registered event listener [EPIC_ISSUE_TYPE_NAME_UPDATED]: com.atlassian.greenhopper.issue.terminology.IssueTypeTerminologyEventListener
2022-05-01 00:31:14,343 ThreadPoolAsyncTaskExecutor::Thread 19 INFO      [com.atlassian.greenhopper.EventListenerRegistry] registered event listener [TERMINOLOGY_ENTRY_CHANGED_EVENT]: com.atlassian.greenhopper.customfield.terminology.CustomFieldTerminologyEventListener
2022-05-01 00:31:20,663 JIRA-Bootstrap INFO      [greenhopper.service.logging.LogSupport] 

*********************************************************************************
Atlassian GreenHopper v8.22.2 #e15a5f7d79a98ed5 built 2022-04-20T18:53:50.551+05:30 - plugin started.  Get Agile!
*********************************************************************************

2022-05-01 00:31:20,672 active-objects-init-JiraTenantImpl{id='system'}-0 INFO anonymous     [atlassian.greenhopper.upgrade.AOUpgradeTask001] Starting upgrade task.
2022-05-01 00:31:20,679 active-objects-init-JiraTenantImpl{id='system'}-0 INFO anonymous     [atlassian.greenhopper.upgrade.AOUpgradeTask001] No need to run upgrade task. Lexo rank table not found.
2022-05-01 00:31:45,329 JIRA-Bootstrap INFO      [com.atlassian.greenhopper.upgrade] =========================================
2022-05-01 00:31:45,330 JIRA-Bootstrap INFO      [com.atlassian.greenhopper.upgrade] Starting upgrade task (buildNumber=46) : Sets status categories for (what is assumed to be) JIRA Agile's simple workflow's statuses.
2022-05-01 00:31:45,337 JIRA-Bootstrap INFO      [atlassian.greenhopper.upgrade.GhUpgradeTask046] Finding statuses with no assigned status category semantics...
2022-05-01 00:31:45,339 JIRA-Bootstrap INFO      [atlassian.greenhopper.upgrade.GhUpgradeTask046] Found 0 statuses with no status category
2022-05-01 00:31:45,341 JIRA-Bootstrap INFO      [com.atlassian.greenhopper.upgrade] Upgrade task finished (buildNumber=46) : Sets status categories for (what is assumed to be) JIRA Agile's simple workflow's statuses.
2022-05-01 00:31:45,341 JIRA-Bootstrap INFO      [com.atlassian.greenhopper.upgrade] =========================================
2022-05-01 00:31:45,348 JIRA-Bootstrap INFO      [com.atlassian.greenhopper.upgrade] =========================================
2022-05-01 00:31:45,348 JIRA-Bootstrap INFO      [com.atlassian.greenhopper.upgrade] Starting upgrade task (buildNumber=47) : Removing classic gadgets from dashboards
2022-05-01 00:31:45,392 JIRA-Bootstrap INFO      [com.atlassian.greenhopper.upgrade] Upgrade task finished (buildNumber=47) : Removing classic gadgets from dashboards
2022-05-01 00:31:45,392 JIRA-Bootstrap INFO      [com.atlassian.greenhopper.upgrade] =========================================
2022-05-01 00:31:45,398 JIRA-Bootstrap INFO      [com.atlassian.greenhopper.upgrade] =========================================
2022-05-01 00:31:45,398 JIRA-Bootstrap INFO      [com.atlassian.greenhopper.upgrade] Starting upgrade task (buildNumber=48) : Add reindex required message for Epic Label field searching
2022-05-01 00:31:45,400 JIRA-Bootstrap INFO      [atlassian.greenhopper.upgrade.GhUpgradeTask048] Epic issue type id is not defined
2022-05-01 00:31:45,402 JIRA-Bootstrap INFO      [com.atlassian.greenhopper.upgrade] Upgrade task finished (buildNumber=48) : Add reindex required message for Epic Label field searching
2022-05-01 00:31:45,402 JIRA-Bootstrap INFO      [com.atlassian.greenhopper.upgrade] =========================================
2022-05-01 00:31:45,409 JIRA-Bootstrap INFO      [com.atlassian.greenhopper.upgrade] =========================================
2022-05-01 00:31:45,409 JIRA-Bootstrap INFO      [com.atlassian.greenhopper.upgrade] Starting upgrade task (buildNumber=49) : Migrate existing Project Administer permission holders to also have Manage Sprints permission
2022-05-01 00:31:45,525 JIRA-Bootstrap INFO      [com.atlassian.greenhopper.upgrade] Upgrade task finished (buildNumber=49) : Migrate existing Project Administer permission holders to also have Manage Sprints permission
2022-05-01 00:31:45,525 JIRA-Bootstrap INFO      [com.atlassian.greenhopper.upgrade] =========================================
2022-05-01 00:31:45,533 JIRA-Bootstrap INFO      [com.atlassian.greenhopper.upgrade] =========================================
2022-05-01 00:31:45,533 JIRA-Bootstrap INFO      [com.atlassian.greenhopper.upgrade] Starting upgrade task (buildNumber=50) : Re-performs the migration for Manage Sprints permission due to the rollback as the consequence of HOT-35978
2022-05-01 00:31:45,535 JIRA-Bootstrap INFO      [atlassian.greenhopper.upgrade.GhUpgradeTask050] Finding all schemes which currently have Manage Sprint entities
2022-05-01 00:31:45,536 JIRA-Bootstrap INFO      [atlassian.greenhopper.upgrade.GhUpgradeTask050] Deleting 1 Manage Sprint entity(ies) from Default Permission Scheme
2022-05-01 00:31:45,543 JIRA-Bootstrap INFO      [atlassian.greenhopper.upgrade.GhUpgradeTask050] Start copying all current ADMINISTER_PROJECT entities to MANAGE_SPRINT!
2022-05-01 00:31:45,551 JIRA-Bootstrap INFO      [com.atlassian.greenhopper.upgrade] Upgrade task finished (buildNumber=50) : Re-performs the migration for Manage Sprints permission due to the rollback as the consequence of HOT-35978
2022-05-01 00:31:45,551 JIRA-Bootstrap INFO      [com.atlassian.greenhopper.upgrade] =========================================
2022-05-01 00:31:45,562 JIRA-Bootstrap INFO      [com.atlassian.greenhopper.upgrade] =========================================
2022-05-01 00:31:45,563 JIRA-Bootstrap INFO      [com.atlassian.greenhopper.upgrade] Starting upgrade task (buildNumber=51) : Perform manage sprint permission migration for BTF customer only, since the 49th and 50th upgrade tasks, which were empty for BTF in order to allow customers downgrade from Cloud to BTF in the absence of a formal downgrade process
2022-05-01 00:31:45,564 JIRA-Bootstrap INFO      [atlassian.greenhopper.upgrade.GhUpgradeTask051] Start the migration for Manage Sprints permission
2022-05-01 00:31:45,564 JIRA-Bootstrap INFO      [atlassian.greenhopper.upgrade.GhUpgradeTask051] Migration has finished!
2022-05-01 00:31:45,567 JIRA-Bootstrap INFO      [com.atlassian.greenhopper.upgrade] Upgrade task finished (buildNumber=51) : Perform manage sprint permission migration for BTF customer only, since the 49th and 50th upgrade tasks, which were empty for BTF in order to allow customers downgrade from Cloud to BTF in the absence of a formal downgrade process
2022-05-01 00:31:45,567 JIRA-Bootstrap INFO      [com.atlassian.greenhopper.upgrade] =========================================
2022-05-01 00:31:48,423 JIRA-Bootstrap INFO      [manager.issue.issuetypes.EpicIssueTypeProvider] Created Issue Type with ID '10000'
2022-05-01 00:31:48,448 JIRA-Bootstrap INFO      [manager.issue.fields.ManagedFieldRestrictor] Configuration locked for field Epic Name with true
2022-05-01 00:31:48,472 JIRA-Bootstrap INFO      [greenhopper.service.issuelink.EpicCustomFieldServiceImpl] Created Default Epic Name field with ID '10005'
2022-05-01 00:31:49,811 JIRA-Bootstrap INFO      [greenhopper.customfield.terminology.CustomFieldTerminologyEventListener] Custom field 'Epic Name' translated to 'Epic Name' for locale 'en_UK' after terminology change
2022-05-01 00:31:49,813 JIRA-Bootstrap INFO      [greenhopper.customfield.terminology.CustomFieldTerminologyEventListener] Custom field 'Epic Name' translated to 'Epic Name' for locale 'en' after terminology change
2022-05-01 00:31:49,814 JIRA-Bootstrap INFO      [greenhopper.customfield.terminology.CustomFieldTerminologyEventListener] Custom field 'Epic Name' translated to 'Epic Name' for locale 'en_US' after terminology change
2022-05-01 00:31:49,872 JIRA-Bootstrap INFO      [manager.issue.fields.ManagedFieldRestrictor] Configuration locked for field Epic Status with true
2022-05-01 00:31:49,872 JIRA-Bootstrap INFO      [greenhopper.service.issuelink.EpicCustomFieldServiceImpl] Created Default Epic Status field with ID '10006'
2022-05-01 00:31:49,880 JIRA-Bootstrap INFO      [greenhopper.customfield.terminology.CustomFieldTerminologyEventListener] Custom field 'Epic Status' translated to 'Epic Status' for locale 'en_UK' after terminology change
2022-05-01 00:31:49,882 JIRA-Bootstrap INFO      [greenhopper.customfield.terminology.CustomFieldTerminologyEventListener] Custom field 'Epic Status' translated to 'Epic Status' for locale 'en' after terminology change
2022-05-01 00:31:49,883 JIRA-Bootstrap INFO      [greenhopper.customfield.terminology.CustomFieldTerminologyEventListener] Custom field 'Epic Status' translated to 'Epic Status' for locale 'en_US' after terminology change
2022-05-01 00:31:49,910 JIRA-Bootstrap INFO      [manager.issue.fields.ManagedFieldRestrictor] Configuration locked for field Epic Colour with true
2022-05-01 00:31:49,910 JIRA-Bootstrap INFO      [greenhopper.service.issuelink.EpicCustomFieldServiceImpl] Created Default Epic Color field with ID '10007'
2022-05-01 00:31:49,919 JIRA-Bootstrap INFO      [greenhopper.customfield.terminology.CustomFieldTerminologyEventListener] Custom field 'Epic Colour' translated to 'Epic Colour' for locale 'en_UK' after terminology change
2022-05-01 00:31:49,922 JIRA-Bootstrap INFO      [greenhopper.customfield.terminology.CustomFieldTerminologyEventListener] Custom field 'Epic Colour' translated to 'Epic Colour' for locale 'en' after terminology change
2022-05-01 00:31:49,924 JIRA-Bootstrap INFO      [greenhopper.customfield.terminology.CustomFieldTerminologyEventListener] Custom field 'Epic Colour' translated to 'Epic Colour' for locale 'en_US' after terminology change
2022-05-01 00:31:49,938 JIRA-Bootstrap INFO      [greenhopper.issue.terminology.IssueTypeTerminologyEventListener] Epic Issue Type translated to 'Epic' for locale 'en_UK' after terminology change
2022-05-01 00:31:49,940 JIRA-Bootstrap INFO      [greenhopper.issue.terminology.IssueTypeTerminologyEventListener] Epic Issue Type translated to 'Epic' for locale 'en' after terminology change
2022-05-01 00:31:50,620 JIRA-Bootstrap INFO      [greenhopper.issue.terminology.IssueTypeTerminologyEventListener] Epic Issue Type translated to 'Epic' for locale 'en_US' after terminology change
2022-05-01 00:31:50,956 JIRA-Bootstrap INFO      [com.atlassian.greenhopper.Launcher] Scheduling Jira Agile jobs...
2022-05-01 00:31:50,970 JIRA-Bootstrap INFO      [greenhopper.customfield.lexorank.LexoRankCFListener] LexoRank field created with id 10008, initing field values
2022-05-01 00:31:51,006 JIRA-Bootstrap INFO      [manager.lexorank.collation.CollationIntegrityCheckerImpl]  Collation check performed against LexoRank table: OK
2022-05-01 00:31:51,041 JIRA-Bootstrap INFO      [manager.issue.fields.ManagedFieldRestrictor] Configuration locked for field Rank with true
2022-05-01 00:31:51,072 JIRA-Bootstrap INFO      [manager.issue.fields.ManagedFieldRestrictor] Configuration locked for field Sprint with true
2022-05-01 00:31:51,072 JIRA-Bootstrap INFO      [greenhopper.service.sprint.SprintCustomFieldServiceImpl] Created Default Sprint field with ID '10009'
2022-05-01 00:31:51,080 JIRA-Bootstrap INFO      [greenhopper.customfield.terminology.CustomFieldTerminologyEventListener] Custom field 'Sprint' translated to 'Sprint' for locale 'en_UK' after terminology change
2022-05-01 00:31:51,082 JIRA-Bootstrap INFO      [greenhopper.customfield.terminology.CustomFieldTerminologyEventListener] Custom field 'Sprint' translated to 'Sprint' for locale 'en' after terminology change
2022-05-01 00:31:51,084 JIRA-Bootstrap INFO      [greenhopper.customfield.terminology.CustomFieldTerminologyEventListener] Custom field 'Sprint' translated to 'Sprint' for locale 'en_US' after terminology change
2022-05-01 00:31:51,110 JIRA-Bootstrap INFO      [manager.issue.fields.ManagedFieldRestrictor] Configuration locked for field Epic Link with true
2022-05-01 00:31:51,110 JIRA-Bootstrap INFO      [greenhopper.service.issuelink.EpicCustomFieldServiceImpl] Created Default Epic Link field with ID '10010'
2022-05-01 00:31:51,121 JIRA-Bootstrap INFO      [greenhopper.customfield.terminology.CustomFieldTerminologyEventListener] Custom field 'Epic Link' translated to 'Epic Link' for locale 'en_UK' after terminology change
2022-05-01 00:31:51,124 JIRA-Bootstrap INFO      [greenhopper.customfield.terminology.CustomFieldTerminologyEventListener] Custom field 'Epic Link' translated to 'Epic Link' for locale 'en' after terminology change
2022-05-01 00:31:51,127 JIRA-Bootstrap INFO      [greenhopper.customfield.terminology.CustomFieldTerminologyEventListener] Custom field 'Epic Link' translated to 'Epic Link' for locale 'en_US' after terminology change
2022-05-01 00:31:51,213 JIRA-Bootstrap WARN      [manager.issue.fields.CustomFieldContextConfiguratorImpl] Too many configuration schemes for 'Epic Status' field
2022-05-01 00:31:51,246 JIRA-Bootstrap INFO      [manager.issue.fields.CustomFieldContextConfiguratorImpl] Field configuration scheme 'Default Configuration Scheme for Epic Name' is not default. Deleting 'Default Configuration Scheme for Epic Name' field configuration scheme.
2022-05-01 00:31:51,259 JIRA-Bootstrap INFO      [manager.issue.fields.CustomFieldContextConfiguratorImpl] Field configuration scheme 'Default Configuration Scheme for Epic Colour' is not default. Deleting 'Default Configuration Scheme for Epic Colour' field configuration scheme.
2022-05-01 00:31:51,261 JIRA-Bootstrap INFO      [greenhopper.manager.version.VersionAdapterFactory] Begin JIRA start dates for versions migration
2022-05-01 00:31:51,262 JIRA-Bootstrap INFO      [greenhopper.manager.version.VersionAdapterFactory] Done migrating JIRA start dates for versions
2022-05-01 00:31:51,362 JIRA-Bootstrap INFO      [com.atlassian.greenhopper.Launcher] Registering dynamic modules
2022-05-01 00:32:30,258 JIRA-Bootstrap INFO      [service.lexorank.balance.LexoRankBalancingService] Initialising LexoRank Balancing Service
2022-05-01 00:32:30,261 JIRA-Bootstrap INFO      [service.lexorank.balance.LexoRankBalancingService] Scheduling clustered job, jobKey=LEXO_RANK_SCHEDULER_JOB, JobHandlerKey=com.atlassian.greenhopper.service.lexorank.balance.LexoRankBalancePluginJob
2022-05-01 00:32:30,262 JIRA-Bootstrap INFO      [service.lexorank.balance.LexoRankBalancingService] LexoRank Balancing Service is initialised, foregroundIndexRunning=false
2022-05-01 00:32:32,120 JIRA-Bootstrap INFO      [manager.issue.issuetypes.StoryIssueTypeProvider] Created Issue Type with ID '10001'
2022-05-01 00:32:32,135 JIRA-Bootstrap INFO      [manager.issue.fields.StoryPointsCustomFieldProvider] Created Default field with ID '10011'
2022-05-01 00:32:32,145 JIRA-Bootstrap INFO      [greenhopper.service.issuelink.EpicLinkTypeServiceImpl] Epic-Story Link Type now exists with ID 10201
2022-05-01 00:32:32,658 JIRA-Bootstrap INFO      [greenhopper.service.logging.LogSupport] 

Managed Issue Types
	Epic                            id=10000                   name=Epic                            
	Story                           id=10001                   name=Story                           


Managed Custom Fields
	Epic Colour                     id=customfield_10007       name=Epic Colour                     type=com.pyxis.greenhopper.jira:gh-epic-color
	Epic Link                       id=customfield_10010       name=Epic Link                       type=com.pyxis.greenhopper.jira:gh-epic-link
	Epic Name                       id=customfield_10005       name=Epic Name                       type=com.pyxis.greenhopper.jira:gh-epic-label
	Epic Status                     id=customfield_10006       name=Epic Status                     type=com.pyxis.greenhopper.jira:gh-epic-status
	Default Global Rank             id=customfield_10008       name=Rank                            type=com.pyxis.greenhopper.jira:gh-lexo-rank
	Sprint                          id=customfield_10009       name=Sprint                          type=com.pyxis.greenhopper.jira:gh-sprint
	Story Points                    id=customfield_10011       name=Story Points                    type=com.atlassian.jira.plugin.system.customfieldtypes:float


Managed Issue Link Types
	Epic Link Issue Link Type       id=10201                   name=Epic-Story Link                 

2022-05-03 19:38:22,101 localhost-startStop-2 INFO      [service.lexorank.balance.LexoRankBalancingService] LexoRank Balancing Service shutting down
2022-05-03 19:38:22,103 localhost-startStop-2 INFO      [service.lexorank.balance.LexoRankBalancingService] LexoRank Balancing Service has shut down
2022-05-03 19:38:24,924 FelixShutdown INFO      [greenhopper.service.logging.LogSupport] 

*********************************************************************************
Atlassian GreenHopper v8.22.2 #e15a5f7d79a98ed5 built 2022-04-20T18:53:50.551+05:30 - plugin stopping...
*********************************************************************************

2022-05-03 19:38:24,925 FelixShutdown INFO      [com.atlassian.greenhopper.Launcher] Unregistering dynamic modules is being skipped
2022-05-03 19:38:24,926 FelixShutdown INFO      [com.atlassian.greenhopper.Launcher] Unscheduling Jira Agile jobs...
2022-05-03 19:38:24,928 FelixShutdown INFO      [com.atlassian.greenhopper.Launcher] Destroying caches
2022-05-03 19:38:24,928 FelixShutdown INFO      [atlassian.greenhopper.service.GreenHopperCacheManager] Clearing out all GreenHopper caches...
2022-05-03 19:38:24,929 FelixShutdown INFO      [atlassian.greenhopper.service.GreenHopperCacheManager] Clearing cache for bean 'greenHopper'
2022-05-03 19:38:24,933 FelixShutdown INFO      [atlassian.greenhopper.service.GreenHopperCacheManager] Clearing cache for bean 'cardLayoutManagerImpl'
2022-05-03 19:38:24,934 FelixShutdown INFO      [atlassian.greenhopper.service.GreenHopperCacheManager] Clearing cache for bean 'workingDaysManagerImpl'
2022-05-03 19:38:24,934 FelixShutdown INFO      [atlassian.greenhopper.service.GreenHopperCacheManager] Clearing cache for bean 'detailViewFieldManagerImpl'
2022-05-03 19:38:24,935 FelixShutdown INFO      [atlassian.greenhopper.service.GreenHopperCacheManager] Clearing cache for bean 'boardAdminManagerImpl'
2022-05-03 19:38:24,935 FelixShutdown INFO      [atlassian.greenhopper.service.GreenHopperCacheManager] Clearing cache for bean 'rapidViewManagerImpl'
2022-05-03 19:38:24,935 FelixShutdown INFO      [atlassian.greenhopper.service.GreenHopperCacheManager] Clearing cache for bean 'cardColorManagerImpl'
2022-05-03 19:38:24,936 FelixShutdown INFO      [atlassian.greenhopper.service.GreenHopperCacheManager] Clearing cache for bean 'rankableObjectManager'
2022-05-03 19:38:24,936 FelixShutdown INFO      [atlassian.greenhopper.service.GreenHopperCacheManager] Clearing cache for bean 'versionMetaDataManagerImpl'
2022-05-03 19:38:24,936 FelixShutdown INFO      [atlassian.greenhopper.service.GreenHopperCacheManager] Clearing cache for bean 'sprintManagerImpl'
2022-05-03 19:38:24,937 FelixShutdown INFO      [atlassian.greenhopper.service.GreenHopperCacheManager] Clearing cache for bean 'remoteLinkConversationServiceImpl'
2022-05-03 19:38:24,937 FelixShutdown INFO      [atlassian.greenhopper.service.GreenHopperCacheManager] Clearing cache for bean 'queryToProjectMapper'
2022-05-03 19:38:24,937 FelixShutdown INFO      [atlassian.greenhopper.service.GreenHopperCacheManager] Clearing cache for bean 'subqueryManagerImpl'
2022-05-03 19:38:24,937 FelixShutdown INFO      [atlassian.greenhopper.service.GreenHopperCacheManager] Clearing cache for bean 'swimlaneServiceImpl'
2022-05-03 19:38:24,937 FelixShutdown INFO      [atlassian.greenhopper.service.GreenHopperCacheManager] Clearing cache for bean 'quickFilterServiceImpl'
2022-05-03 19:38:24,937 FelixShutdown INFO      [atlassian.greenhopper.service.GreenHopperCacheManager] Clearing cache for bean 'statisticsFieldServiceImpl'
2022-05-03 19:38:24,938 FelixShutdown INFO      [atlassian.greenhopper.service.GreenHopperCacheManager] Clearing cache for bean 'columnServiceImpl'
2022-05-03 19:38:24,938 FelixShutdown INFO      [com.atlassian.greenhopper.Launcher] Destroying services
2022-05-03 19:38:24,939 FelixShutdown INFO      [com.atlassian.greenhopper.Launcher] Unregistering listeners
2022-05-03 19:38:24,940 FelixShutdown INFO      [com.atlassian.greenhopper.EventListenerRegistry] unregistered event listener [LEXO_RANK]: com.atlassian.greenhopper.service.lexorank.LexoRankIssueEventListener
2022-05-03 19:38:24,941 FelixShutdown INFO      [com.atlassian.greenhopper.EventListenerRegistry] unregistered event listener [EPIC_LINK]: com.atlassian.greenhopper.customfield.epiclink.EpicLinkIssueEventListener
2022-05-03 19:38:24,941 FelixShutdown INFO      [com.atlassian.greenhopper.EventListenerRegistry] unregistered event listener [LEXO_RANK_BALANCING_EVENT]: com.atlassian.greenhopper.service.lexorank.balance.LexoRankBalancingService
2022-05-03 19:38:24,941 FelixShutdown INFO      [com.atlassian.greenhopper.EventListenerRegistry] unregistered event listener [TERMINOLOGY_ENTRY_CHANGED_EVENT]: com.atlassian.greenhopper.customfield.terminology.CustomFieldTerminologyEventListener
2022-05-03 19:38:24,942 FelixShutdown INFO      [com.atlassian.greenhopper.EventListenerRegistry] unregistered event listener [CACHE_MANAGER]: com.atlassian.greenhopper.service.GreenHopperCacheManager
2022-05-03 19:38:24,942 FelixShutdown INFO      [com.atlassian.greenhopper.EventListenerRegistry] unregistered event listener [RANK_INDEX_SERVICE]: com.atlassian.greenhopper.service.rank.RankIndexServiceImpl
2022-05-03 19:38:24,942 FelixShutdown INFO      [com.atlassian.greenhopper.EventListenerRegistry] unregistered event listener [AUDIT_LOG]: com.atlassian.greenhopper.auditing.AuditingEventListener
2022-05-03 19:38:24,942 FelixShutdown INFO      [com.atlassian.greenhopper.EventListenerRegistry] unregistered event listener [INDEX_CHECK_SERVICE]: com.atlassian.greenhopper.service.index.IndexCheckServiceImpl
2022-05-03 19:38:24,942 FelixShutdown INFO      [com.atlassian.greenhopper.EventListenerRegistry] unregistered event listener [QUERY_MAPPER_CACHE]: com.atlassian.greenhopper.service.query.QueryToProjectMapper
2022-05-03 19:38:24,943 FelixShutdown INFO      [com.atlassian.greenhopper.EventListenerRegistry] unregistered event listener [LEXO_RANK_FIELD]: com.atlassian.greenhopper.customfield.lexorank.LexoRankCFListener
2022-05-03 19:38:24,944 FelixShutdown INFO      [com.atlassian.greenhopper.EventListenerRegistry] unregistered event listener [ISSUE_MOVED]: com.atlassian.greenhopper.service.issue.IssueMovedEventListener
2022-05-03 19:38:24,944 FelixShutdown INFO      [com.atlassian.greenhopper.EventListenerRegistry] unregistered event listener [EPIC_ISSUE_TYPE_NAME_UPDATED]: com.atlassian.greenhopper.issue.terminology.IssueTypeTerminologyEventListener
2022-05-03 19:38:24,944 FelixShutdown INFO      [com.atlassian.greenhopper.EventListenerRegistry] unregistered event listener [ISSUE_CLOSED]: com.atlassian.greenhopper.issue.RemoveFutureSprintsFromClosedIssuesListener
2022-05-03 19:38:24,944 FelixShutdown INFO      [greenhopper.service.logging.LogSupport] 

*********************************************************************************
Atlassian GreenHopper v8.22.2 #e15a5f7d79a98ed5 built 2022-04-20T18:53:50.551+05:30 - plugin stopped
*********************************************************************************

